0 info it worked if it ends with ok
1 verbose cli [ '/usr/bin/nodejs', '/usr/bin/npm', 'i', '-g', 'netlify-cli' ]
2 info using npm@2.15.9
3 info using node@v4.6.1
4 verbose install initial load of /usr/lib/package.json
5 verbose readDependencies loading dependencies from /usr/lib/package.json
6 silly cache add args [ 'netlify-cli', null ]
7 verbose cache add spec netlify-cli
8 silly cache add parsed spec Result {
8 silly cache add   raw: 'netlify-cli',
8 silly cache add   scope: null,
8 silly cache add   name: 'netlify-cli',
8 silly cache add   rawSpec: '',
8 silly cache add   spec: 'latest',
8 silly cache add   type: 'tag' }
9 silly addNamed netlify-cli@latest
10 verbose addNamed "latest" is being treated as a dist-tag for netlify-cli
11 info addNameTag [ 'netlify-cli', 'latest' ]
12 silly mapToRegistry name netlify-cli
13 silly mapToRegistry using default registry
14 silly mapToRegistry registry https://registry.npmjs.org/
15 silly mapToRegistry data Result {
15 silly mapToRegistry   raw: 'netlify-cli',
15 silly mapToRegistry   scope: null,
15 silly mapToRegistry   name: 'netlify-cli',
15 silly mapToRegistry   rawSpec: '',
15 silly mapToRegistry   spec: 'latest',
15 silly mapToRegistry   type: 'tag' }
16 silly mapToRegistry uri https://registry.npmjs.org/netlify-cli
17 verbose addNameTag registry:https://registry.npmjs.org/netlify-cli not in flight; fetching
18 verbose request uri https://registry.npmjs.org/netlify-cli
19 verbose request no auth needed
20 info attempt registry request try #1 at 2:23:25 AM
21 verbose request id a3b3cff83944d44d
22 verbose etag "3CNEDN1X4B2L4LMBQODYAIRSP"
23 http request GET https://registry.npmjs.org/netlify-cli
24 http 200 https://registry.npmjs.org/netlify-cli
25 verbose headers { server: 'CouchDB/1.5.0 (Erlang OTP/R16B03)',
25 verbose headers   etag: '"C0FZXL2QLFKGTGXJ87U59YN8V"',
25 verbose headers   'content-type': 'application/json',
25 verbose headers   'content-encoding': 'gzip',
25 verbose headers   'cache-control': 'max-age=300',
25 verbose headers   'content-length': '4324',
25 verbose headers   'accept-ranges': 'bytes',
25 verbose headers   date: 'Fri, 11 Nov 2016 23:23:30 GMT',
25 verbose headers   via: '1.1 varnish',
25 verbose headers   age: '42',
25 verbose headers   connection: 'keep-alive',
25 verbose headers   'x-served-by': 'cache-cdg8720-CDG',
25 verbose headers   'x-cache': 'HIT',
25 verbose headers   'x-cache-hits': '1',
25 verbose headers   'x-timer': 'S1478906610.487634,VS0,VE0',
25 verbose headers   vary: 'Accept-Encoding' }
26 silly get cb [ 200,
26 silly get   { server: 'CouchDB/1.5.0 (Erlang OTP/R16B03)',
26 silly get     etag: '"C0FZXL2QLFKGTGXJ87U59YN8V"',
26 silly get     'content-type': 'application/json',
26 silly get     'content-encoding': 'gzip',
26 silly get     'cache-control': 'max-age=300',
26 silly get     'content-length': '4324',
26 silly get     'accept-ranges': 'bytes',
26 silly get     date: 'Fri, 11 Nov 2016 23:23:30 GMT',
26 silly get     via: '1.1 varnish',
26 silly get     age: '42',
26 silly get     connection: 'keep-alive',
26 silly get     'x-served-by': 'cache-cdg8720-CDG',
26 silly get     'x-cache': 'HIT',
26 silly get     'x-cache-hits': '1',
26 silly get     'x-timer': 'S1478906610.487634,VS0,VE0',
26 silly get     vary: 'Accept-Encoding' } ]
27 verbose get saving netlify-cli to /home/ngondo/.npm/registry.npmjs.org/netlify-cli/.cache.json
28 verbose correctMkdir /home/ngondo/.npm correctMkdir not in flight; initializing
29 silly addNameTag next cb for netlify-cli with tag latest
30 silly addNamed netlify-cli@1.1.0
31 verbose addNamed "1.1.0" is a plain semver version for netlify-cli
32 silly mapToRegistry name netlify-cli
33 silly mapToRegistry using default registry
34 silly mapToRegistry registry https://registry.npmjs.org/
35 silly mapToRegistry data Result {
35 silly mapToRegistry   raw: 'netlify-cli',
35 silly mapToRegistry   scope: null,
35 silly mapToRegistry   name: 'netlify-cli',
35 silly mapToRegistry   rawSpec: '',
35 silly mapToRegistry   spec: 'latest',
35 silly mapToRegistry   type: 'tag' }
36 silly mapToRegistry uri https://registry.npmjs.org/netlify-cli
37 verbose addRemoteTarball https://registry.npmjs.org/netlify-cli/-/netlify-cli-1.1.0.tgz not in flight; adding
38 verbose addRemoteTarball [ 'https://registry.npmjs.org/netlify-cli/-/netlify-cli-1.1.0.tgz',
38 verbose addRemoteTarball   '85327b560e312aa336b8bd51e55eaba96e3ef21f' ]
39 info retry fetch attempt 1 at 2:23:30 AM
40 info attempt registry request try #1 at 2:23:30 AM
41 http fetch GET https://registry.npmjs.org/netlify-cli/-/netlify-cli-1.1.0.tgz
42 http fetch 200 https://registry.npmjs.org/netlify-cli/-/netlify-cli-1.1.0.tgz
43 silly fetchAndShaCheck shasum 85327b560e312aa336b8bd51e55eaba96e3ef21f
44 verbose addTmpTarball /tmp/npm-15083-58795a84/registry.npmjs.org/netlify-cli/-/netlify-cli-1.1.0.tgz not in flight; adding
45 verbose addTmpTarball already have metadata; skipping unpack for netlify-cli@1.1.0
46 verbose correctMkdir /home/ngondo/.npm correctMkdir not in flight; initializing
47 silly cache afterAdd netlify-cli@1.1.0
48 verbose afterAdd /home/ngondo/.npm/netlify-cli/1.1.0/package/package.json not in flight; writing
49 verbose correctMkdir /home/ngondo/.npm correctMkdir not in flight; initializing
50 verbose afterAdd /home/ngondo/.npm/netlify-cli/1.1.0/package/package.json written
51 silly install resolved [ { name: 'netlify-cli',
51 silly install resolved     version: '1.1.0',
51 silly install resolved     description: 'Netlify builds, deploys and hosts your front-end straight from Github.',
51 silly install resolved     scripts: { test: 'echo "Error: no test specified" && exit 1' },
51 silly install resolved     bin: { netlify: './bin/cli.js' },
51 silly install resolved     keywords: [ 'netlify', 'hosting', 'cdn', 'deploy' ],
51 silly install resolved     author: { name: 'Netlify' },
51 silly install resolved     license: 'MIT',
51 silly install resolved     bugs: { url: 'https://github.com/netlify/netlify-cli/issues' },
51 silly install resolved     repository:
51 silly install resolved      { type: 'git',
51 silly install resolved        url: 'git+https://github.com/netlify/netlify-cli.git' },
51 silly install resolved     homepage: 'https://github.com/netlify/netlify-cli',
51 silly install resolved     dependencies:
51 silly install resolved      { chalk: '^0.5.1',
51 silly install resolved        commander: '^2.9.0',
51 silly install resolved        github: '^0.2.4',
51 silly install resolved        'home-dir': '^0.2.0',
51 silly install resolved        inquirer: '^0.11.0',
51 silly install resolved        netlify: '^1.2.0',
51 silly install resolved        open: '0.0.5',
51 silly install resolved        prompt: '^0.2.14',
51 silly install resolved        'update-notifier': '^0.6.0',
51 silly install resolved        when: '^3.7.5' },
51 silly install resolved     gitHead: 'ef24608a94639828fbe63d568ddb8bd5e567885a',
51 silly install resolved     _id: 'netlify-cli@1.1.0',
51 silly install resolved     _shasum: '85327b560e312aa336b8bd51e55eaba96e3ef21f',
51 silly install resolved     _from: 'netlify-cli@latest',
51 silly install resolved     _npmVersion: '3.8.6',
51 silly install resolved     _nodeVersion: '5.12.0',
51 silly install resolved     _npmUser: { name: 'biilmann', email: 'info@mathias-biilmann.net' },
51 silly install resolved     dist:
51 silly install resolved      { shasum: '85327b560e312aa336b8bd51e55eaba96e3ef21f',
51 silly install resolved        tarball: 'https://registry.npmjs.org/netlify-cli/-/netlify-cli-1.1.0.tgz' },
51 silly install resolved     maintainers: [ [Object] ],
51 silly install resolved     _npmOperationalInternal:
51 silly install resolved      { host: 'packages-18-east.internal.npmjs.com',
51 silly install resolved        tmp: 'tmp/netlify-cli-1.1.0.tgz_1476908839962_0.2099896485451609' },
51 silly install resolved     directories: {},
51 silly install resolved     _resolved: 'https://registry.npmjs.org/netlify-cli/-/netlify-cli-1.1.0.tgz' } ]
52 info install netlify-cli@1.1.0 into /usr/lib
53 info installOne netlify-cli@1.1.0
54 verbose installOne of netlify-cli to /usr/lib not in flight; installing
55 verbose correctMkdir /home/ngondo/.npm/_locks correctMkdir not in flight; initializing
56 verbose lock using /home/ngondo/.npm/_locks/netlify-cli-b4824dd096de5e7f.lock for /usr/lib/node_modules/netlify-cli
57 silly install write writing netlify-cli 1.1.0 to /usr/lib/node_modules/netlify-cli
58 verbose unbuild lib/node_modules/netlify-cli
59 info preuninstall netlify-cli@1.0.2
60 info uninstall netlify-cli@1.0.2
61 verbose unbuild rmStuff netlify-cli@1.0.2 from /usr/lib/node_modules
62 silly gentlyRm /usr/bin/netlify is being gently removed
63 silly gentlyRm verifying /usr is an npm working directory
64 silly gentlyRm containing path /usr is under npm's control, in /usr
65 silly gentlyRm deletion target /usr/bin/netlify is under /usr
66 verbose gentlyRm vacuuming from /usr/bin/netlify up to /usr
67 silly vacuum-fs removing /usr/bin/netlify
68 verbose unlock done using /home/ngondo/.npm/_locks/netlify-cli-b4824dd096de5e7f.lock for /usr/lib/node_modules/netlify-cli
69 verbose stack Error: EACCES: permission denied, unlink '/usr/bin/netlify'
69 verbose stack     at Error (native)
70 verbose cwd /home/ngondo/MY-PROJECTS/web/legends2.2
71 error Linux 4.4.0-45-generic
72 error argv "/usr/bin/nodejs" "/usr/bin/npm" "i" "-g" "netlify-cli"
73 error node v4.6.1
74 error npm  v2.15.9
75 error path /usr/bin/netlify
76 error code EACCES
77 error errno -13
78 error syscall unlink
79 error Error: EACCES: permission denied, unlink '/usr/bin/netlify'
79 error     at Error (native)
79 error  { [Error: EACCES: permission denied, unlink '/usr/bin/netlify']
79 error   errno: -13,
79 error   code: 'EACCES',
79 error   syscall: 'unlink',
79 error   path: '/usr/bin/netlify' }
80 error Please try running this command again as root/Administrator.
81 verbose exit [ -13, true ]
82 verbose unbuild lib/node_modules/netlify-cli
83 info preuninstall netlify-cli@1.0.2
84 info uninstall netlify-cli@1.0.2
85 verbose unbuild rmStuff netlify-cli@1.0.2 from /usr/lib/node_modules
86 silly gentlyRm /usr/bin/netlify is being gently removed
87 silly gentlyRm verifying /usr is an npm working directory
88 silly gentlyRm containing path /usr is under npm's control, in /usr
89 silly gentlyRm deletion target /usr/bin/netlify is under /usr
90 verbose gentlyRm vacuuming from /usr/bin/netlify up to /usr
91 silly vacuum-fs removing /usr/bin/netlify
92 error error rolling back Error: EACCES: permission denied, unlink '/usr/bin/netlify'
92 error error rolling back     at Error (native)
92 error error rolling back  { [Error: EACCES: permission denied, unlink '/usr/bin/netlify']
92 error error rolling back   errno: -13,
92 error error rolling back   code: 'EACCES',
92 error error rolling back   syscall: 'unlink',
92 error error rolling back   path: '/usr/bin/netlify' }
